<?xml version="1.0" encoding="UTF-8"?>
<!-- Generated by org.testng.reporters.JUnitReportReporter -->
<testsuite name="testCases.nameofTC1" tests="3" time="9.595" ignored="0" failures="0" timestamp="03 Oct 2021 19:29:37 GMT" skipped="0" hostname="BEYZA-AYDIN" errors="0">
  <testcase name="mainPageSearch" time="9.592" classname="testCases.nameofTC1"/>
  <testcase name="reporterTest3" time="0.002" classname="testCases.nameofTC1"/>
  <testcase name="openSearchResultPageAndCheck" time="0.001" classname="testCases.nameofTC1"/>
</testsuite> <!-- testCases.nameofTC1 -->
